2011:06:05;15:50:27;Log opened
2011:06:05;15:50:32;00012;00 Не хлебом единым / 01 Основые блюда / 2 Карт. по дерев.;1;60
2011:06:05;15:50:34;00014;00 Не хлебом единым / 01 Основые блюда / 4 Жульен с курицей;1;100
2011:06:05;15:50:36;00015;00 Не хлебом единым / 01 Основые блюда / 5 Жульен с грибами;1;100
2011:06:05;15:50:38;00015;00 Не хлебом единым / 01 Основые блюда / 5 Жульен с грибами;1;100
2011:06:05;15:50:58;Discount;Discount;1;-40
2011:06:05;15:50:58;Close check;320
2011:06:05;15:51:18;013;01 напитки / 3 минеральная вода;1;60
2011:06:05;15:51:18;014;01 напитки / 4 молочный коктейль;1;100
2011:06:05;15:51:20;0163;01 напитки / 6 кофе / 3 Капучино;1;90
2011:06:05;15:51:23;0166;01 напитки / 6 кофе / 6 Латте с сиропом;1;90
2011:06:05;15:51:48;Discount;Discount;1;-30
2011:06:05;15:51:48;Close check;310
2011:06:05;15:52:13;00022;00 Не хлебом единым / 02 к пиву / 2 Арахис;1;50
2011:06:05;15:52:14;00021;00 Не хлебом единым / 02 к пиву / 1 Фисташки;1;100
2011:06:05;15:52:16;00023;00 Не хлебом единым / 02 к пиву / 3 Гренки;1;50
2011:06:05;15:52:17;00022;00 Не хлебом единым / 02 к пиву / 2 Арахис;1;50
2011:06:05;15:52:18;00021;00 Не хлебом единым / 02 к пиву / 1 Фисташки;1;100
2011:06:05;15:52:19;00021;00 Не хлебом единым / 02 к пиву / 1 Фисташки;1;100
2011:06:05;15:52:23;Discount;Discount;1;-90
2011:06:05;15:52:23;Close check;360
2011:06:05;15:53:33;Log closed
